<?xml version="1.0" encoding="UTF-8" standalone="yes"?><!DOCTYPE report PUBLIC "-//JACOCO//DTD Report 1.1//EN" "report.dtd"><report name="Docs Core"><sessioninfo id="DELL-ec863002" start="1777967008770" dump="1777967010166"/><sessioninfo id="DELL-c5dbc1a" start="1777967010313" dump="1777967010600"/><sessioninfo id="DELL-a815f4be" start="1777967010734" dump="1777967010992"/><sessioninfo id="DELL-cbf0283" start="1777967011141" dump="1777967015148"/><sessioninfo id="DELL-25d4dceb" start="1777967015310" dump="1777967015550"/><sessioninfo id="DELL-3a8bb92" start="1777967015687" dump="1777967015986"/><sessioninfo id="DELL-be440b4e" start="1777967016116" dump="1777967019618"/><sessioninfo id="DELL-3d492897" start="1777967019777" dump="1777967023089"/><sessioninfo id="DELL-90fe1ac9" start="1777967023240" dump="1777967023784"/><sessioninfo id="DELL-48675854" start="1777967023896" dump="1777967062422"/><sessioninfo id="DELL-6b1b42c4" start="1777967062616" dump="1777967066874"/></report>