<?xml version="1.0" encoding="UTF-8" standalone="yes"?><!DOCTYPE report PUBLIC "-//JACOCO//DTD Report 1.1//EN" "report.dtd"><report name="Docs Core"><sessioninfo id="DELL-3ccc777d" start="1777964381552" dump="1777964381815"/><sessioninfo id="DELL-fe3af313" start="1777964381951" dump="1777964382226"/><sessioninfo id="DELL-7ee8c55c" start="1777964382356" dump="1777964382616"/><sessioninfo id="DELL-eb3b4947" start="1777964382755" dump="1777964386779"/><sessioninfo id="DELL-ad24fc4d" start="1777964386967" dump="1777964387196"/><sessioninfo id="DELL-abc15865" start="1777964387334" dump="1777964387655"/><sessioninfo id="DELL-1bbe9802" start="1777964387788" dump="1777964391263"/><sessioninfo id="DELL-31691bc5" start="1777964391422" dump="1777964394824"/><sessioninfo id="DELL-64525449" start="1777964394990" dump="1777964395566"/><sessioninfo id="DELL-45064d0e" start="1777964395717" dump="1777964433216"/><sessioninfo id="DELL-2de7113d" start="1777964433410" dump="1777964437450"/></report>